<?xml version="1.0" encoding="UTF-8"?>
<testsuite name="SeleniumFireFox" tests="1" skipped="0" failures="0" errors="0" timestamp="2022-03-03T18:11:34" hostname="DESKTOP-2T6TAJ9" time="15.274">
  <properties/>
  <testcase name="goToFireFox()" classname="SeleniumFireFox" time="15.274"/>
  <system-out><![CDATA[]]></system-out>
  <system-err><![CDATA[SLF4J: Failed to load class "org.slf4j.impl.StaticLoggerBinder".
SLF4J: Defaulting to no-operation (NOP) logger implementation
SLF4J: See http://www.slf4j.org/codes.html#StaticLoggerBinder for further details.
1646331094950	geckodriver	INFO	Listening on 127.0.0.1:57729
1646331095862	mozrunner::runner	INFO	Running command: "C:\\Program Files\\Mozilla Firefox\\firefox.exe" "--marionette" "--remote-debugging-port" "63965" "-no-remote" "-profile" "C:\\Users\\Manuel\\AppData\\Local\\Temp\\rust_mozprofile6PsKSO"
1646331096134	Marionette	INFO	Marionette enabled
console.warn: SearchSettings: "get: No settings file exists, new profile?" (new NotFoundError("Could not open the file at C:\\Users\\Manuel\\AppData\\Local\\Temp\\rust_mozprofile6PsKSO\\search.json.mozlz4", (void 0)))
DevTools listening on ws://localhost:63965/devtools/browser/9131d287-54a3-44aa-9f12-2dc8cf1a9969
1646331097742	Marionette	INFO	Listening on port 59706
1646331097916	RemoteAgent	WARN	TLS certificate errors will be ignored for this session
Mar 03, 2022 2:11:37 PM org.openqa.selenium.remote.ProtocolHandshake createSession
INFO: Detected dialect: W3C
console.warn: LoginRecipes: "getRecipes: falling back to a synchronous message for:" "http://todo.ly"
console.warn: LoginRecipes: "getRecipes: falling back to a synchronous message for:" "http://todo.ly"
JavaScript error: resource://gre/modules/LoginManagerParent.jsm, line 136: TypeError: gRecipeManager is null
1646331109230	Marionette	INFO	Stopped listening on port 59706

###!!! [Parent][PGPUParent] Error: RunMessage(msgname=PGPU::Msg_ShutdownVR) Channel closing: too late to send/recv, messages will be lost

]]></system-err>
</testsuite>
